# JRE version: OpenJDK Runtime Environment (8.0_302-b08) (build 1.8.0_302-b08)
# Java VM: OpenJDK 64-Bit Server VM (25.302-b08 mixed mode windows-amd64 compressed oops)
Heap:
 PSYoungGen      total 138240K, used 2584K [0x00000000d5900000, 0x00000000de500000, 0x0000000100000000)
  eden space 133120K, 1% used [0x00000000d5900000,0x00000000d5b86148,0x00000000ddb00000)
  from space 5120K, 0% used [0x00000000de000000,0x00000000de000000,0x00000000de500000)
  to   space 5120K, 0% used [0x00000000ddb00000,0x00000000ddb00000,0x00000000de000000)
 ParOldGen       total 83968K, used 20213K [0x0000000080a00000, 0x0000000085c00000, 0x00000000d5900000)
  object space 83968K, 24% used [0x0000000080a00000,0x0000000081dbd6d0,0x0000000085c00000)
 Metaspace       used 21117K, capacity 21338K, committed 21504K, reserved 1069056K
  class space    used 2680K, capacity 2747K, committed 2816K, reserved 1048576K
GC Heap History (10 events):
Event: 0.541 GC heap before
{Heap before GC invocations=1 (full 0):
 PSYoungGen      total 38400K, used 33280K [0x00000000d5900000, 0x00000000d8380000, 0x0000000100000000)
  eden space 33280K, 100% used [0x00000000d5900000,0x00000000d7980000,0x00000000d7980000)
  from space 5120K, 0% used [0x00000000d7e80000,0x00000000d7e80000,0x00000000d8380000)
  to   space 5120K, 0% used [0x00000000d7980000,0x00000000d7980000,0x00000000d7e80000)
 ParOldGen       total 87552K, used 0K [0x0000000080a00000, 0x0000000085f80000, 0x00000000d5900000)
  object space 87552K, 0% used [0x0000000080a00000,0x0000000080a00000,0x0000000085f80000)
 Metaspace       used 5739K, capacity 5826K, committed 6144K, reserved 1056768K
  class space    used 623K, capacity 659K, committed 768K, reserved 1048576K
Event: 0.547 GC heap after
Heap after GC invocations=1 (full 0):
 PSYoungGen      total 38400K, used 5092K [0x00000000d5900000, 0x00000000da400000, 0x0000000100000000)
  eden space 33280K, 0% used [0x00000000d5900000,0x00000000d5900000,0x00000000d7980000)
  from space 5120K, 99% used [0x00000000d7980000,0x00000000d7e79110,0x00000000d7e80000)
  to   space 5120K, 0% used [0x00000000d9f00000,0x00000000d9f00000,0x00000000da400000)
 ParOldGen       total 87552K, used 1696K [0x0000000080a00000, 0x0000000085f80000, 0x00000000d5900000)
  object space 87552K, 1% used [0x0000000080a00000,0x0000000080ba8380,0x0000000085f80000)
 Metaspace       used 5739K, capacity 5826K, committed 6144K, reserved 1056768K
  class space    used 623K, capacity 659K, committed 768K, reserved 1048576K
}
Event: 0.857 GC heap before
{Heap before GC invocations=2 (full 0):
 PSYoungGen      total 38400K, used 38372K [0x00000000d5900000, 0x00000000da400000, 0x0000000100000000)
  eden space 33280K, 100% used [0x00000000d5900000,0x00000000d7980000,0x00000000d7980000)
  from space 5120K, 99% used [0x00000000d7980000,0x00000000d7e79110,0x00000000d7e80000)
  to   space 5120K, 0% used [0x00000000d9f00000,0x00000000d9f00000,0x00000000da400000)
 ParOldGen       total 87552K, used 1696K [0x0000000080a00000, 0x0000000085f80000, 0x00000000d5900000)
  object space 87552K, 1% used [0x0000000080a00000,0x0000000080ba8380,0x0000000085f80000)
 Metaspace       used 8552K, capacity 8616K, committed 8832K, reserved 1056768K
  class space    used 1023K, capacity 1076K, committed 1152K, reserved 1048576K
Event: 0.870 GC heap after
Heap after GC invocations=2 (full 0):
 PSYoungGen      total 71680K, used 5088K [0x00000000d5900000, 0x00000000da400000, 0x0000000100000000)
  eden space 66560K, 0% used [0x00000000d5900000,0x00000000d5900000,0x00000000d9a00000)
  from space 5120K, 99% used [0x00000000d9f00000,0x00000000da3f8040,0x00000000da400000)
  to   space 5120K, 0% used [0x00000000d9a00000,0x00000000d9a00000,0x00000000d9f00000)
 ParOldGen       total 87552K, used 11421K [0x0000000080a00000, 0x0000000085f80000, 0x00000000d5900000)
  object space 87552K, 13% used [0x0000000080a00000,0x0000000081527530,0x0000000085f80000)
 Metaspace       used 8552K, capacity 8616K, committed 8832K, reserved 1056768K
  class space    used 1023K, capacity 1076K, committed 1152K, reserved 1048576K
}
Event: 1.761 GC heap before
{Heap before GC invocations=3 (full 0):
 PSYoungGen      total 71680K, used 71648K [0x00000000d5900000, 0x00000000da400000, 0x0000000100000000)
  eden space 66560K, 100% used [0x00000000d5900000,0x00000000d9a00000,0x00000000d9a00000)
  from space 5120K, 99% used [0x00000000d9f00000,0x00000000da3f8040,0x00000000da400000)
  to   space 5120K, 0% used [0x00000000d9a00000,0x00000000d9a00000,0x00000000d9f00000)
 ParOldGen       total 87552K, used 11421K [0x0000000080a00000, 0x0000000085f80000, 0x00000000d5900000)
  object space 87552K, 13% used [0x0000000080a00000,0x0000000081527530,0x0000000085f80000)
 Metaspace       used 15858K, capacity 15946K, committed 16256K, reserved 1062912K
  class space    used 2053K, capacity 2079K, committed 2176K, reserved 1048576K
Event: 1.777 GC heap after
Heap after GC invocations=3 (full 0):
 PSYoungGen      total 71680K, used 5104K [0x00000000d5900000, 0x00000000de500000, 0x0000000100000000)
  eden space 66560K, 0% used [0x00000000d5900000,0x00000000d5900000,0x00000000d9a00000)
  from space 5120K, 99% used [0x00000000d9a00000,0x00000000d9efc010,0x00000000d9f00000)
  to   space 5120K, 0% used [0x00000000de000000,0x00000000de000000,0x00000000de500000)
 ParOldGen       total 87552K, used 23778K [0x0000000080a00000, 0x0000000085f80000, 0x00000000d5900000)
  object space 87552K, 27% used [0x0000000080a00000,0x0000000082138b68,0x0000000085f80000)
 Metaspace       used 15858K, capacity 15946K, committed 16256K, reserved 1062912K
  class space    used 2053K, capacity 2079K, committed 2176K, reserved 1048576K
}
Event: 3.052 GC heap before
{Heap before GC invocations=4 (full 0):
 PSYoungGen      total 71680K, used 51376K [0x00000000d5900000, 0x00000000de500000, 0x0000000100000000)
  eden space 66560K, 69% used [0x00000000d5900000,0x00000000d86300c8,0x00000000d9a00000)
  from space 5120K, 99% used [0x00000000d9a00000,0x00000000d9efc010,0x00000000d9f00000)
  to   space 5120K, 0% used [0x00000000de000000,0x00000000de000000,0x00000000de500000)
 ParOldGen       total 87552K, used 23778K [0x0000000080a00000, 0x0000000085f80000, 0x00000000d5900000)
  object space 87552K, 27% used [0x0000000080a00000,0x0000000082138b68,0x0000000085f80000)
 Metaspace       used 20921K, capacity 21114K, committed 21248K, reserved 1067008K
  class space    used 2650K, capacity 2715K, committed 2816K, reserved 1048576K
Event: 3.064 GC heap after
Heap after GC invocations=4 (full 0):
 PSYoungGen      total 138240K, used 5104K [0x00000000d5900000, 0x00000000de500000, 0x0000000100000000)
  eden space 133120K, 0% used [0x00000000d5900000,0x00000000d5900000,0x00000000ddb00000)
  from space 5120K, 99% used [0x00000000de000000,0x00000000de4fc030,0x00000000de500000)
  to   space 5120K, 0% used [0x00000000ddb00000,0x00000000ddb00000,0x00000000de000000)
 ParOldGen       total 87552K, used 29734K [0x0000000080a00000, 0x0000000085f80000, 0x00000000d5900000)
  object space 87552K, 33% used [0x0000000080a00000,0x0000000082709918,0x0000000085f80000)
 Metaspace       used 20921K, capacity 21114K, committed 21248K, reserved 1067008K
  class space    used 2650K, capacity 2715K, committed 2816K, reserved 1048576K
}
Event: 3.064 GC heap before
{Heap before GC invocations=5 (full 1):
 PSYoungGen      total 138240K, used 5104K [0x00000000d5900000, 0x00000000de500000, 0x0000000100000000)
  eden space 133120K, 0% used [0x00000000d5900000,0x00000000d5900000,0x00000000ddb00000)
  from space 5120K, 99% used [0x00000000de000000,0x00000000de4fc030,0x00000000de500000)
  to   space 5120K, 0% used [0x00000000ddb00000,0x00000000ddb00000,0x00000000de000000)
 ParOldGen       total 87552K, used 29734K [0x0000000080a00000, 0x0000000085f80000, 0x00000000d5900000)
  object space 87552K, 33% used [0x0000000080a00000,0x0000000082709918,0x0000000085f80000)
 Metaspace       used 20921K, capacity 21114K, committed 21248K, reserved 1067008K
  class space    used 2650K, capacity 2715K, committed 2816K, reserved 1048576K
Event: 3.113 GC heap after
Heap after GC invocations=5 (full 1):
 PSYoungGen      total 138240K, used 0K [0x00000000d5900000, 0x00000000de500000, 0x0000000100000000)
  eden space 133120K, 0% used [0x00000000d5900000,0x00000000d5900000,0x00000000ddb00000)
  from space 5120K, 0% used [0x00000000de000000,0x00000000de000000,0x00000000de500000)
  to   space 5120K, 0% used [0x00000000ddb00000,0x00000000ddb00000,0x00000000de000000)
 ParOldGen       total 83968K, used 20213K [0x0000000080a00000, 0x0000000085c00000, 0x00000000d5900000)
  object space 83968K, 24% used [0x0000000080a00000,0x0000000081dbd6d0,0x0000000085c00000)
 Metaspace       used 20921K, capacity 21114K, committed 21248K, reserved 1067008K
  class space    used 2650K, capacity 2715K, committed 2816K, reserved 1048576K
}

